This file contains any messages produced by compilers while
running configure, to aid debugging if configure makes a mistake.

It was created by configure, which was
generated by GNU Autoconf 2.69.  Invocation command line was

  $ ./configure 

## --------- ##
## Platform. ##
## --------- ##

hostname = renlu-162cm.local
uname -m = x86_64
uname -r = 13.0.0
uname -s = Darwin
uname -v = Darwin Kernel Version 13.0.0: Thu Sep 19 22:22:27 PDT 2013; root:xnu-2422.1.72~6/RELEASE_X86_64

/usr/bin/uname -p = i386
/bin/uname -X     = unknown

/bin/arch              = unknown
/usr/bin/arch -k       = unknown
/usr/convex/getsysinfo = unknown
/usr/bin/hostinfo      = Mach kernel version:
	 Darwin Kernel Version 13.0.0: Thu Sep 19 22:22:27 PDT 2013; root:xnu-2422.1.72~6/RELEASE_X86_64
Kernel configured for up to 8 processors.
4 processors are physically available.
8 processors are logically available.
Processor type: i486 (Intel 80486)
Processors active: 0 1 2 3 4 5 6 7
Primary memory available: 8.00 gigabytes
Default processor set: 270 tasks, 1316 threads, 8 processors
Load average: 1.45, Mach factor: 6.54
/bin/machine           = unknown
/usr/bin/oslevel       = unknown
/bin/universe          = unknown

PATH: /usr/local/narwhal/bin
PATH: /Library/Java/JavaVirtualMachines/jdk1.7.0_17.jdk/Contents/Home//bin
PATH: /Users/renlu/.rvm/gems/ruby-1.9.3-p429/bin
PATH: /Users/renlu/.rvm/gems/ruby-1.9.3-p429@global/bin
PATH: /Users/renlu/.rvm/rubies/ruby-1.9.3-p429/bin
PATH: /Users/renlu/.rvm/bin
PATH: /opt/subversion/bin
PATH: /usr/local/sbin
PATH: /usr/local/bin
PATH: /usr/bin
PATH: /bin
PATH: /usr/sbin
PATH: /sbin
PATH: /opt/X11/bin
PATH: /usr/local/bin/
PATH: /Users/renlu/bin/
PATH: /Applications/android-sdk-macosx/tools/
PATH: /opt/local/bin/
PATH: /home/x/bin/
PATH: /Users/renlu/node_modules/.bin/
PATH: /Users/renlu/.gopath//bin
PATH: .
PATH: /usr/local/bin/
PATH: /Users/renlu/bin/
PATH: /Applications/android-sdk-macosx/tools/
PATH: /opt/local/bin/


## ----------- ##
## Core tests. ##
## ----------- ##

configure:2293: checking for grep that handles long lines and -e
configure:2351: result: /usr/bin/grep
configure:2356: checking for egrep
configure:2418: result: /usr/bin/grep -E
configure:2423: checking for a sed that does not truncate output
configure:2477: result: /usr/bin/sed
configure:2609: checking for cc
configure:2625: found /usr/bin/cc
configure:2636: result: cc
configure:2667: checking for C compiler version
configure:2676: cc --version >&5
Apple LLVM version 5.0 (clang-500.2.79) (based on LLVM 3.3svn)
Target: x86_64-apple-darwin13.0.0
Thread model: posix
configure:2687: $? = 0
configure:2676: cc -v >&5
Apple LLVM version 5.0 (clang-500.2.79) (based on LLVM 3.3svn)
Target: x86_64-apple-darwin13.0.0
Thread model: posix
configure:2687: $? = 0
configure:2676: cc -V >&5
clang: error: argument to '-V' is missing (expected 1 value)
clang: error: no input files
configure:2687: $? = 1
configure:2676: cc -qversion >&5
clang: error: no input files
configure:2687: $? = 1
configure:2707: checking whether the C compiler works
configure:2729: cc    conftest.c  >&5
configure:2733: $? = 0
configure:2781: result: yes
configure:2784: checking for C compiler default output file name
configure:2786: result: a.out
configure:2792: checking for suffix of executables
configure:2799: cc -o conftest    conftest.c  >&5
configure:2803: $? = 0
configure:2825: result: 
configure:2847: checking whether we are cross compiling
configure:2855: cc -o conftest    conftest.c  >&5
configure:2859: $? = 0
configure:2866: ./conftest
configure:2870: $? = 0
configure:2885: result: no
configure:2890: checking for suffix of object files
configure:2912: cc -c   conftest.c >&5
configure:2916: $? = 0
configure:2937: result: o
configure:2941: checking whether we are using the GNU C compiler
configure:2960: cc -c   conftest.c >&5
configure:2960: $? = 0
configure:2969: result: yes
configure:2978: checking whether cc accepts -g
configure:2998: cc -c -g  conftest.c >&5
configure:2998: $? = 0
configure:3039: result: yes
configure:3056: checking for cc option to accept ISO C89
configure:3119: cc  -c -g -O2  conftest.c >&5
configure:3119: $? = 0
configure:3132: result: none needed
configure:3158: checking how to run the C preprocessor
configure:3189: cc -E  conftest.c
configure:3189: $? = 0
configure:3203: cc -E  conftest.c
conftest.c:9:10: fatal error: 'ac_nonexistent.h' file not found
#include <ac_nonexistent.h>
         ^
1 error generated.
configure:3203: $? = 1
configure: failed program was:
| /* confdefs.h */
| #define PACKAGE_NAME ""
| #define PACKAGE_TARNAME ""
| #define PACKAGE_VERSION ""
| #define PACKAGE_STRING ""
| #define PACKAGE_BUGREPORT ""
| #define PACKAGE_URL ""
| /* end confdefs.h.  */
| #include <ac_nonexistent.h>
configure:3228: result: cc -E
configure:3248: cc -E  conftest.c
configure:3248: $? = 0
configure:3262: cc -E  conftest.c
conftest.c:9:10: fatal error: 'ac_nonexistent.h' file not found
#include <ac_nonexistent.h>
         ^
1 error generated.
configure:3262: $? = 1
configure: failed program was:
| /* confdefs.h */
| #define PACKAGE_NAME ""
| #define PACKAGE_TARNAME ""
| #define PACKAGE_VERSION ""
| #define PACKAGE_STRING ""
| #define PACKAGE_BUGREPORT ""
| #define PACKAGE_URL ""
| /* end confdefs.h.  */
| #include <ac_nonexistent.h>
configure:3293: checking for icc
configure:3302: result: no
configure:3316: checking for suncc
configure:3325: result: no
configure:3343: checking whether cc understands -c and -o together
configure:3371: cc -c conftest.c -o conftest2.o >&5
configure:3375: $? = 0
configure:3381: cc -c conftest.c -o conftest2.o >&5
configure:3385: $? = 0
configure:3440: result: yes
configure:3454: checking for system library directory
configure:3469: result: lib
configure:3476: checking if compiler supports -R
configure:3495: cc -o conftest -g -O2   conftest.c -R /usr/lib  >&5
clang: warning: argument unused during compilation: '-R'
ld: can't map file, errno=22 file '/Applications/Xcode.app/Contents/Developer/Platforms/MacOSX.platform/Developer/SDKs/MacOSX10.9.sdk/usr/lib' for architecture x86_64
clang: error: linker command failed with exit code 1 (use -v to see invocation)
configure:3495: $? = 1
configure: failed program was:
| /* confdefs.h */
| #define PACKAGE_NAME ""
| #define PACKAGE_TARNAME ""
| #define PACKAGE_VERSION ""
| #define PACKAGE_STRING ""
| #define PACKAGE_BUGREPORT ""
| #define PACKAGE_URL ""
| /* end confdefs.h.  */
| 
| int
| main ()
| {
| 
|   ;
|   return 0;
| }
configure:3505: result: no
configure:3510: checking if compiler supports -Wl,-rpath,
configure:3529: cc -o conftest -g -O2   conftest.c -Wl,-rpath,/usr/lib  >&5
configure:3529: $? = 0
configure:3539: result: yes
configure:3584: checking build system type
configure:3598: result: i386-apple-darwin13.0.0
configure:3618: checking host system type
configure:3631: result: i386-apple-darwin13.0.0
configure:3651: checking target system type
configure:3664: result: i386-apple-darwin13.0.0
configure:3767: checking for PHP prefix
configure:3769: result: /usr/local/Cellar/php54/5.4.15
configure:3771: checking for PHP includes
configure:3773: result: -I/usr/local/Cellar/php54/5.4.15/include/php -I/usr/local/Cellar/php54/5.4.15/include/php/main -I/usr/local/Cellar/php54/5.4.15/include/php/TSRM -I/usr/local/Cellar/php54/5.4.15/include/php/Zend -I/usr/local/Cellar/php54/5.4.15/include/php/ext -I/usr/local/Cellar/php54/5.4.15/include/php/ext/date/lib
configure:3775: checking for PHP extension directory
configure:3777: result: /usr/local/Cellar/php54/5.4.15/lib/php/extensions/no-debug-non-zts-20100525
configure:3779: checking for PHP installed headers prefix
configure:3781: result: /usr/local/Cellar/php54/5.4.15/include/php
configure:3784: checking if debug is enabled
configure:3810: result: no
configure:3813: checking if zts is enabled
configure:3839: result: no
configure:3910: checking for re2c
configure:3926: found /usr/local/bin/re2c
configure:3937: result: re2c
configure:3946: checking for re2c version
configure:3960: result: 0.13.6 (ok)
configure:3979: checking for gawk
configure:4010: result: no
configure:3979: checking for nawk
configure:4010: result: no
configure:3979: checking for awk
configure:3996: found /usr/bin/awk
configure:4007: result: awk
configure:4030: checking if awk is broken
configure:4037: result: no
configure:4055: checking whether to enable zh2py support
configure:4094: result: yes, shared
configure:4494: checking for ld used by cc
configure:4561: result: /Applications/Xcode.app/Contents/Developer/Toolchains/XcodeDefault.xctoolchain/usr/bin/ld
configure:4568: checking if the linker (/Applications/Xcode.app/Contents/Developer/Toolchains/XcodeDefault.xctoolchain/usr/bin/ld) is GNU ld
configure:4583: result: no
configure:4588: checking for /Applications/Xcode.app/Contents/Developer/Toolchains/XcodeDefault.xctoolchain/usr/bin/ld option to reload object files
configure:4595: result: -r
configure:4613: checking for BSD-compatible nm
configure:4662: result: /usr/bin/nm
configure:4666: checking whether ln -s works
configure:4670: result: yes
configure:4677: checking how to recognize dependent libraries
configure:4863: result: pass_all
configure:5075: checking for ANSI C header files
configure:5095: cc -c -g -O2  conftest.c >&5
configure:5095: $? = 0
configure:5168: cc -o conftest -g -O2   conftest.c  >&5
configure:5168: $? = 0
configure:5168: ./conftest
configure:5168: $? = 0
configure:5179: result: yes
configure:5192: checking for sys/types.h
configure:5192: cc -c -g -O2  conftest.c >&5
configure:5192: $? = 0
configure:5192: result: yes
configure:5192: checking for sys/stat.h
configure:5192: cc -c -g -O2  conftest.c >&5
configure:5192: $? = 0
configure:5192: result: yes
configure:5192: checking for stdlib.h
configure:5192: cc -c -g -O2  conftest.c >&5
configure:5192: $? = 0
configure:5192: result: yes
configure:5192: checking for string.h
configure:5192: cc -c -g -O2  conftest.c >&5
configure:5192: $? = 0
configure:5192: result: yes
configure:5192: checking for memory.h
configure:5192: cc -c -g -O2  conftest.c >&5
configure:5192: $? = 0
configure:5192: result: yes
configure:5192: checking for strings.h
configure:5192: cc -c -g -O2  conftest.c >&5
configure:5192: $? = 0
configure:5192: result: yes
configure:5192: checking for inttypes.h
configure:5192: cc -c -g -O2  conftest.c >&5
configure:5192: $? = 0
configure:5192: result: yes
configure:5192: checking for stdint.h
configure:5192: cc -c -g -O2  conftest.c >&5
configure:5192: $? = 0
configure:5192: result: yes
configure:5192: checking for unistd.h
configure:5192: cc -c -g -O2  conftest.c >&5
configure:5192: $? = 0
configure:5192: result: yes
configure:5206: checking dlfcn.h usability
configure:5206: cc -c -g -O2  conftest.c >&5
configure:5206: $? = 0
configure:5206: result: yes
configure:5206: checking dlfcn.h presence
configure:5206: cc -E  conftest.c
configure:5206: $? = 0
configure:5206: result: yes
configure:5206: checking for dlfcn.h
configure:5206: result: yes
configure:5228: checking the maximum length of command line arguments
configure:5340: result: 196608
configure:5352: checking command to parse /usr/bin/nm output from cc object
configure:5457: cc -c -g -O2  conftest.c >&5
configure:5460: $? = 0
configure:5464: /usr/bin/nm conftest.o \| sed -n -e 's/^.*[ 	]\([BCDEGRST][BCDEGRST]*\)[ 	][ 	]*\([_A-Za-z][_A-Za-z0-9]*\)$/\1 \2 \2/p' \> conftest.nm
configure:5467: $? = 0
cannot find nm_test_var in conftest.nm
configure:5457: cc -c -g -O2  conftest.c >&5
configure:5460: $? = 0
configure:5464: /usr/bin/nm conftest.o \| sed -n -e 's/^.*[ 	]\([BCDEGRST][BCDEGRST]*\)[ 	][ 	]*_\([_A-Za-z][_A-Za-z0-9]*\)$/\1 _\2 \2/p' \> conftest.nm
configure:5467: $? = 0
configure:5519: cc -o conftest -g -O2   conftest.c conftstm.o >&5
configure:5522: $? = 0
configure:5560: result: ok
configure:5564: checking for objdir
configure:5579: result: .libs
configure:5671: checking for ar
configure:5687: found /usr/bin/ar
configure:5698: result: ar
configure:5763: checking for ranlib
configure:5779: found /usr/bin/ranlib
configure:5790: result: ranlib
configure:5855: checking for strip
configure:5871: found /usr/bin/strip
configure:5882: result: strip
configure:6135: checking for dsymutil
configure:6151: found /usr/bin/dsymutil
configure:6162: result: dsymutil
configure:6227: checking for nmedit
configure:6243: found /usr/bin/nmedit
configure:6254: result: nmedit
configure:6277: checking for -single_module linker flag
configure:6298: result: yes
configure:6300: checking for -exported_symbols_list linker flag
configure:6316: cc -o conftest -g -O2   -Wl,-exported_symbols_list,conftest.sym conftest.c  >&5
configure:6319: $? = 0
configure:6333: result: yes
configure:6451: checking if cc supports -fno-rtti -fno-exceptions
configure:6469: cc -c -g -O2  -fno-rtti -fno-exceptions conftest.c >&5
configure:6473: $? = 0
configure:6486: result: yes
configure:6501: checking for cc option to produce PIC
configure:6741: result: -fno-common
configure:6749: checking if cc PIC flag -fno-common works
configure:6767: cc -c -g -O2  -fno-common -DPIC conftest.c >&5
configure:6771: $? = 0
configure:6784: result: yes
configure:6812: checking if cc static flag -static works
configure:6840: result: no
configure:6850: checking if cc supports -c -o file.o
configure:6871: cc -c -g -O2  -o out/conftest2.o conftest.c >&5
configure:6875: $? = 0
configure:6897: result: yes
configure:6923: checking whether the cc linker (/Applications/Xcode.app/Contents/Developer/Toolchains/XcodeDefault.xctoolchain/usr/bin/ld) supports shared libraries
configure:7855: result: yes
configure:7922: checking dynamic linker characteristics
configure:8524: result: darwin13.0.0 dyld
configure:8548: checking how to hardcode library paths into programs
configure:8573: result: immediate
configure:8587: checking whether stripping libraries is possible
configure:8601: result: yes
configure:9109: checking if libtool supports shared libraries
configure:9111: result: yes
configure:9114: checking whether to build shared libraries
configure:9135: result: yes
configure:9138: checking whether to build static libraries
configure:9142: result: no
configure:9237: result:
creating libtool
configure:12940: creating ./config.status

## ---------------------- ##
## Running config.status. ##
## ---------------------- ##

This file was extended by config.status, which was
generated by GNU Autoconf 2.69.  Invocation command line was

  CONFIG_FILES    = 
  CONFIG_HEADERS  = 
  CONFIG_LINKS    = 
  CONFIG_COMMANDS = 
  $ ./config.status 

on renlu-162cm.local

config.status:676: creating config.h
config.status:766: config.h is unchanged

## ---------------- ##
## Cache variables. ##
## ---------------- ##

ac_cv_build=i386-apple-darwin13.0.0
ac_cv_c_compiler_gnu=yes
ac_cv_env_CC_set=
ac_cv_env_CC_value=
ac_cv_env_CFLAGS_set=
ac_cv_env_CFLAGS_value=
ac_cv_env_CPPFLAGS_set=
ac_cv_env_CPPFLAGS_value=
ac_cv_env_CPP_set=
ac_cv_env_CPP_value=
ac_cv_env_LDFLAGS_set=
ac_cv_env_LDFLAGS_value=
ac_cv_env_LIBS_set=
ac_cv_env_LIBS_value=
ac_cv_env_build_alias_set=
ac_cv_env_build_alias_value=
ac_cv_env_host_alias_set=
ac_cv_env_host_alias_value=
ac_cv_env_target_alias_set=
ac_cv_env_target_alias_value=
ac_cv_header_dlfcn_h=yes
ac_cv_header_inttypes_h=yes
ac_cv_header_memory_h=yes
ac_cv_header_stdc=yes
ac_cv_header_stdint_h=yes
ac_cv_header_stdlib_h=yes
ac_cv_header_string_h=yes
ac_cv_header_strings_h=yes
ac_cv_header_sys_stat_h=yes
ac_cv_header_sys_types_h=yes
ac_cv_header_unistd_h=yes
ac_cv_host=i386-apple-darwin13.0.0
ac_cv_objext=o
ac_cv_path_EGREP='/usr/bin/grep -E'
ac_cv_path_GREP=/usr/bin/grep
ac_cv_prog_AWK=awk
ac_cv_prog_CPP='cc -E'
ac_cv_prog_RE2C=re2c
ac_cv_prog_ac_ct_AR=ar
ac_cv_prog_ac_ct_CC=cc
ac_cv_prog_ac_ct_DSYMUTIL=dsymutil
ac_cv_prog_ac_ct_NMEDIT=nmedit
ac_cv_prog_ac_ct_RANLIB=ranlib
ac_cv_prog_ac_ct_STRIP=strip
ac_cv_prog_cc_c89=
ac_cv_prog_cc_cc_c_o=yes
ac_cv_prog_cc_g=yes
ac_cv_target=i386-apple-darwin13.0.0
lt_cv_apple_cc_single_mod=yes
lt_cv_deplibs_check_method=pass_all
lt_cv_file_magic_cmd='$MAGIC_CMD'
lt_cv_file_magic_test_file=
lt_cv_ld_exported_symbols_list=yes
lt_cv_ld_reload_flag=-r
lt_cv_objdir=.libs
lt_cv_path_LD=/Applications/Xcode.app/Contents/Developer/Toolchains/XcodeDefault.xctoolchain/usr/bin/ld
lt_cv_path_NM=/usr/bin/nm
lt_cv_path_SED=/usr/bin/sed
lt_cv_prog_compiler_c_o=yes
lt_cv_prog_compiler_pic_works=yes
lt_cv_prog_compiler_rtti_exceptions=yes
lt_cv_prog_compiler_static_works=no
lt_cv_prog_gnu_ld=no
lt_cv_sys_global_symbol_pipe='sed -n -e '\''s/^.*[ 	]\([BCDEGRST][BCDEGRST]*\)[ 	][ 	]*_\([_A-Za-z][_A-Za-z0-9]*\)$/\1 _\2 \2/p'\'''
lt_cv_sys_global_symbol_to_c_name_address='sed -n -e '\''s/^: \([^ ]*\) $/  {\"\1\", (lt_ptr) 0},/p'\'' -e '\''s/^[BCDEGRST] \([^ ]*\) \([^ ]*\)$/  {"\2", (lt_ptr) \&\2},/p'\'''
lt_cv_sys_global_symbol_to_cdecl='sed -n -e '\''s/^. .* \(.*\)$/extern int \1;/p'\'''
lt_cv_sys_lib_dlsearch_path_spec='/usr/local/lib /lib /usr/lib'
lt_cv_sys_lib_search_path_spec='/Applications/Xcode.app/Contents/Developer/Toolchains/XcodeDefault.xctoolchain/usr/lib/clang/5.0 /usr/local/lib'
lt_cv_sys_max_cmd_len=196608
lt_lt_cv_prog_compiler_c_o='"yes"'
lt_lt_cv_sys_global_symbol_pipe='"sed -n -e '\''s/^.*[ 	]\\([BCDEGRST][BCDEGRST]*\\)[ 	][ 	]*_\\([_A-Za-z][_A-Za-z0-9]*\\)\$/\\1 _\\2 \\2/p'\''"'
lt_lt_cv_sys_global_symbol_to_c_name_address='"sed -n -e '\''s/^: \\([^ ]*\\) \$/  {\\\"\\1\\\", (lt_ptr) 0},/p'\'' -e '\''s/^[BCDEGRST] \\([^ ]*\\) \\([^ ]*\\)\$/  {\"\\2\", (lt_ptr) \\&\\2},/p'\''"'
lt_lt_cv_sys_global_symbol_to_cdecl='"sed -n -e '\''s/^. .* \\(.*\\)\$/extern int \\1;/p'\''"'
php_cv_cc_dashr=no
php_cv_cc_rpath=yes
php_cv_re2c_version='0.13.6 (ok)'

## ----------------- ##
## Output variables. ##
## ----------------- ##

AR='ar'
AWK='awk'
CC='cc'
CFLAGS='-g -O2'
CONFIGURE_COMMAND=' '\''./configure'\'' '
CONFIGURE_OPTIONS=''
CPP='cc -E'
CPPFLAGS=' -DHAVE_CONFIG_H'
DEFS='-DHAVE_CONFIG_H'
DSYMUTIL='dsymutil'
ECHO='/bin/echo'
ECHO_C='\c'
ECHO_N=''
ECHO_T=''
EGREP='/usr/bin/grep -E'
EXEEXT=''
GREP='/usr/bin/grep'
LDFLAGS=''
LIBOBJS=''
LIBS=''
LIBTOOL='$(SHELL) $(top_builddir)/libtool'
LN_S='ln -s'
LTLIBOBJS=''
NMEDIT='nmedit'
OBJEXT='o'
PACKAGE_BUGREPORT=''
PACKAGE_NAME=''
PACKAGE_STRING=''
PACKAGE_TARNAME=''
PACKAGE_URL=''
PACKAGE_VERSION=''
PATH_SEPARATOR=':'
RANLIB='ranlib'
RE2C='re2c'
SED='/usr/bin/sed'
SHELL='/bin/sh'
SHLIB_DL_SUFFIX_NAME='so'
SHLIB_SUFFIX_NAME='dylib'
STRIP='strip'
ac_ct_CC='cc'
bindir='${exec_prefix}/bin'
build='i386-apple-darwin13.0.0'
build_alias=''
build_cpu='i386'
build_os='darwin13.0.0'
build_vendor='apple'
datadir='${datarootdir}'
datarootdir='${prefix}/share'
docdir='${datarootdir}/doc/${PACKAGE}'
dvidir='${docdir}'
exec_prefix='$(prefix)'
host='i386-apple-darwin13.0.0'
host_alias='i386-apple-darwin13.0.0'
host_cpu='i386'
host_os='darwin13.0.0'
host_vendor='apple'
htmldir='${docdir}'
includedir='${prefix}/include'
infodir='${datarootdir}/info'
libdir='${exec_prefix}/lib'
libexecdir='${exec_prefix}/libexec'
localedir='${datarootdir}/locale'
localstatedir='${prefix}/var'
mandir='${datarootdir}/man'
oldincludedir='/usr/include'
pdfdir='${docdir}'
prefix='/usr/local/Cellar/php54/5.4.15'
program_transform_name='s,x,x,'
psdir='${docdir}'
sbindir='${exec_prefix}/sbin'
sharedstatedir='${prefix}/com'
sysconfdir='${prefix}/etc'
target='i386-apple-darwin13.0.0'
target_alias=''
target_cpu='i386'
target_os='darwin13.0.0'
target_vendor='apple'

## ----------- ##
## confdefs.h. ##
## ----------- ##

/* confdefs.h */
#define PACKAGE_NAME ""
#define PACKAGE_TARNAME ""
#define PACKAGE_VERSION ""
#define PACKAGE_STRING ""
#define PACKAGE_BUGREPORT ""
#define PACKAGE_URL ""
#define COMPILE_DL_ZH2PY 1
#define STDC_HEADERS 1
#define HAVE_SYS_TYPES_H 1
#define HAVE_SYS_STAT_H 1
#define HAVE_STDLIB_H 1
#define HAVE_STRING_H 1
#define HAVE_MEMORY_H 1
#define HAVE_STRINGS_H 1
#define HAVE_INTTYPES_H 1
#define HAVE_STDINT_H 1
#define HAVE_UNISTD_H 1
#define HAVE_DLFCN_H 1

configure: exit 0
